<?xml version="1.0" encoding="UTF-8"?>
<testng-results ignored="0" total="0" passed="0" failed="0" skipped="0">
  <reporter-output>
  </reporter-output>
  <suite started-at="2022-12-06T16:25:03 IST" name="Default suite" finished-at="2022-12-06T16:25:05 IST" duration-ms="2268">
    <groups>
    </groups>
    <test started-at="2022-12-06T16:25:03 IST" name="Default test" finished-at="2022-12-06T16:25:05 IST" duration-ms="2268">
      <class name="com.test.tests.TestTestClass">
        <test-method is-config="true" signature="launchUrl()[pri:0, instance:com.test.tests.TestTestClass@2805d709]" started-at="2022-12-06T16:25:03 IST" name="launchUrl" finished-at="2022-12-06T16:25:05 IST" duration-ms="2152" status="PASS">
          <reporter-output>
          </reporter-output>
        </test-method> <!-- launchUrl -->
        <test-method is-config="true" signature="closeBrowser()[pri:0, instance:com.test.tests.TestTestClass@2805d709]" started-at="2022-12-06T16:25:05 IST" name="closeBrowser" finished-at="2022-12-06T16:25:05 IST" duration-ms="105" status="PASS">
          <reporter-output>
          </reporter-output>
        </test-method> <!-- closeBrowser -->
      </class> <!-- com.test.tests.TestTestClass -->
    </test> <!-- Default test -->
  </suite> <!-- Default suite -->
</testng-results>
